# JRE version: OpenJDK Runtime Environment (8.0_152-b02) (build 1.8.0_152-release-1024-b02)
# Java VM: OpenJDK 64-Bit Server VM (25.152-b02 mixed mode windows-amd64 compressed oops)
Heap:
 PSYoungGen      total 340992K, used 240585K [0x00000000d5580000, 0x00000000efc80000, 0x0000000100000000)
  eden space 304128K, 78% used [0x00000000d5580000,0x00000000e3de0438,0x00000000e7e80000)
  from space 36864K, 7% used [0x00000000ea300000,0x00000000ea592178,0x00000000ec700000)
  to   space 37376K, 0% used [0x00000000e7e80000,0x00000000e7e80000,0x00000000ea300000)
 ParOldGen       total 250880K, used 54920K [0x0000000080000000, 0x000000008f500000, 0x00000000d5580000)
  object space 250880K, 21% used [0x0000000080000000,0x00000000835a22d0,0x000000008f500000)
 Metaspace       used 68429K, capacity 72414K, committed 72664K, reserved 1112064K
  class space    used 9144K, capacity 9898K, committed 9984K, reserved 1048576K
GC Heap History (10 events):
Event: 13.137 GC heap before
{Heap before GC invocations=11 (full 3):
 PSYoungGen      total 232960K, used 19966K [0x00000000d5580000, 0x00000000e5880000, 0x0000000100000000)
  eden space 212992K, 0% used [0x00000000d5580000,0x00000000d5580000,0x00000000e2580000)
  from space 19968K, 99% used [0x00000000e3f80000,0x00000000e52ff930,0x00000000e5300000)
  to   space 26112K, 0% used [0x00000000e2580000,0x00000000e2580000,0x00000000e3f00000)
 ParOldGen       total 167424K, used 33020K [0x0000000080000000, 0x000000008a380000, 0x00000000d5580000)
  object space 167424K, 19% used [0x0000000080000000,0x000000008203f228,0x000000008a380000)
 Metaspace       used 56893K, capacity 58978K, committed 59028K, reserved 1099776K
  class space    used 7697K, capacity 8174K, committed 8192K, reserved 1048576K
Event: 13.331 GC heap after
Heap after GC invocations=11 (full 3):
 PSYoungGen      total 232960K, used 0K [0x00000000d5580000, 0x00000000e5880000, 0x0000000100000000)
  eden space 212992K, 0% used [0x00000000d5580000,0x00000000d5580000,0x00000000e2580000)
  from space 19968K, 0% used [0x00000000e3f80000,0x00000000e3f80000,0x00000000e5300000)
  to   space 26112K, 0% used [0x00000000e2580000,0x00000000e2580000,0x00000000e3f00000)
 ParOldGen       total 250880K, used 41256K [0x0000000080000000, 0x000000008f500000, 0x00000000d5580000)
  object space 250880K, 16% used [0x0000000080000000,0x000000008284a248,0x000000008f500000)
 Metaspace       used 56680K, capacity 58414K, committed 59028K, reserved 1099776K
  class space    used 7622K, capacity 8042K, committed 8192K, reserved 1048576K
}
Event: 15.348 GC heap before
{Heap before GC invocations=12 (full 3):
 PSYoungGen      total 232960K, used 212992K [0x00000000d5580000, 0x00000000e5880000, 0x0000000100000000)
  eden space 212992K, 100% used [0x00000000d5580000,0x00000000e2580000,0x00000000e2580000)
  from space 19968K, 0% used [0x00000000e3f80000,0x00000000e3f80000,0x00000000e5300000)
  to   space 26112K, 0% used [0x00000000e2580000,0x00000000e2580000,0x00000000e3f00000)
 ParOldGen       total 250880K, used 41256K [0x0000000080000000, 0x000000008f500000, 0x00000000d5580000)
  object space 250880K, 16% used [0x0000000080000000,0x000000008284a248,0x000000008f500000)
 Metaspace       used 62427K, capacity 65830K, committed 66008K, reserved 1105920K
  class space    used 8504K, capacity 9152K, committed 9216K, reserved 1048576K
Event: 15.364 GC heap after
Heap after GC invocations=12 (full 3):
 PSYoungGen      total 239104K, used 26106K [0x00000000d5580000, 0x00000000e8f00000, 0x0000000100000000)
  eden space 212992K, 0% used [0x00000000d5580000,0x00000000d5580000,0x00000000e2580000)
  from space 26112K, 99% used [0x00000000e2580000,0x00000000e3efe818,0x00000000e3f00000)
  to   space 31744K, 0% used [0x00000000e7000000,0x00000000e7000000,0x00000000e8f00000)
 ParOldGen       total 250880K, used 45012K [0x0000000080000000, 0x000000008f500000, 0x00000000d5580000)
  object space 250880K, 17% used [0x0000000080000000,0x0000000082bf51f0,0x000000008f500000)
 Metaspace       used 62427K, capacity 65830K, committed 66008K, reserved 1105920K
  class space    used 8504K, capacity 9152K, committed 9216K, reserved 1048576K
}
Event: 17.148 GC heap before
{Heap before GC invocations=13 (full 3):
 PSYoungGen      total 239104K, used 239098K [0x00000000d5580000, 0x00000000e8f00000, 0x0000000100000000)
  eden space 212992K, 100% used [0x00000000d5580000,0x00000000e2580000,0x00000000e2580000)
  from space 26112K, 99% used [0x00000000e2580000,0x00000000e3efe818,0x00000000e3f00000)
  to   space 31744K, 0% used [0x00000000e7000000,0x00000000e7000000,0x00000000e8f00000)
 ParOldGen       total 250880K, used 45012K [0x0000000080000000, 0x000000008f500000, 0x00000000d5580000)
  object space 250880K, 17% used [0x0000000080000000,0x0000000082bf51f0,0x000000008f500000)
 Metaspace       used 63497K, capacity 66960K, committed 67160K, reserved 1107968K
  class space    used 8624K, capacity 9287K, committed 9344K, reserved 1048576K
Event: 17.174 GC heap after
Heap after GC invocations=13 (full 3):
 PSYoungGen      total 283648K, used 31729K [0x00000000d5580000, 0x00000000e9d80000, 0x0000000100000000)
  eden space 251904K, 0% used [0x00000000d5580000,0x00000000d5580000,0x00000000e4b80000)
  from space 31744K, 99% used [0x00000000e7000000,0x00000000e8efc5d8,0x00000000e8f00000)
  to   space 37376K, 0% used [0x00000000e4b80000,0x00000000e4b80000,0x00000000e7000000)
 ParOldGen       total 250880K, used 48881K [0x0000000080000000, 0x000000008f500000, 0x00000000d5580000)
  object space 250880K, 19% used [0x0000000080000000,0x0000000082fbc650,0x000000008f500000)
 Metaspace       used 63497K, capacity 66960K, committed 67160K, reserved 1107968K
  class space    used 8624K, capacity 9287K, committed 9344K, reserved 1048576K
}
Event: 19.059 GC heap before
{Heap before GC invocations=14 (full 3):
 PSYoungGen      total 283648K, used 283188K [0x00000000d5580000, 0x00000000e9d80000, 0x0000000100000000)
  eden space 251904K, 99% used [0x00000000d5580000,0x00000000e4b10a38,0x00000000e4b80000)
  from space 31744K, 99% used [0x00000000e7000000,0x00000000e8efc5d8,0x00000000e8f00000)
  to   space 37376K, 0% used [0x00000000e4b80000,0x00000000e4b80000,0x00000000e7000000)
 ParOldGen       total 250880K, used 48881K [0x0000000080000000, 0x000000008f500000, 0x00000000d5580000)
  object space 250880K, 19% used [0x0000000080000000,0x0000000082fbc650,0x000000008f500000)
 Metaspace       used 65323K, capacity 68978K, committed 69208K, reserved 1110016K
  class space    used 8852K, capacity 9548K, committed 9600K, reserved 1048576K
Event: 19.071 GC heap after
Heap after GC invocations=14 (full 3):
 PSYoungGen      total 289280K, used 8717K [0x00000000d5580000, 0x00000000ec700000, 0x0000000100000000)
  eden space 251904K, 0% used [0x00000000d5580000,0x00000000d5580000,0x00000000e4b80000)
  from space 37376K, 23% used [0x00000000e4b80000,0x00000000e5403728,0x00000000e7000000)
  to   space 36864K, 0% used [0x00000000ea300000,0x00000000ea300000,0x00000000ec700000)
 ParOldGen       total 250880K, used 54912K [0x0000000080000000, 0x000000008f500000, 0x00000000d5580000)
  object space 250880K, 21% used [0x0000000080000000,0x00000000835a02d0,0x000000008f500000)
 Metaspace       used 65323K, capacity 68978K, committed 69208K, reserved 1110016K
  class space    used 8852K, capacity 9548K, committed 9600K, reserved 1048576K
}
Event: 19.097 GC heap before
{Heap before GC invocations=15 (full 3):
 PSYoungGen      total 289280K, used 260308K [0x00000000d5580000, 0x00000000ec700000, 0x0000000100000000)
  eden space 251904K, 99% used [0x00000000d5580000,0x00000000e4b31988,0x00000000e4b80000)
  from space 37376K, 23% used [0x00000000e4b80000,0x00000000e5403728,0x00000000e7000000)
  to   space 36864K, 0% used [0x00000000ea300000,0x00000000ea300000,0x00000000ec700000)
 ParOldGen       total 250880K, used 54912K [0x0000000080000000, 0x000000008f500000, 0x00000000d5580000)
  object space 250880K, 21% used [0x0000000080000000,0x00000000835a02d0,0x000000008f500000)
 Metaspace       used 65330K, capacity 69042K, committed 69208K, reserved 1110016K
  class space    used 8852K, capacity 9548K, committed 9600K, reserved 1048576K
Event: 19.101 GC heap after
Heap after GC invocations=15 (full 3):
 PSYoungGen      total 340992K, used 2632K [0x00000000d5580000, 0x00000000efc80000, 0x0000000100000000)
  eden space 304128K, 0% used [0x00000000d5580000,0x00000000d5580000,0x00000000e7e80000)
  from space 36864K, 7% used [0x00000000ea300000,0x00000000ea592178,0x00000000ec700000)
  to   space 37376K, 0% used [0x00000000e7e80000,0x00000000e7e80000,0x00000000ea300000)
 ParOldGen       total 250880K, used 54920K [0x0000000080000000, 0x000000008f500000, 0x00000000d5580000)
  object space 250880K, 21% used [0x0000000080000000,0x00000000835a22d0,0x000000008f500000)
 Metaspace       used 65330K, capacity 69042K, committed 69208K, reserved 1110016K
  class space    used 8852K, capacity 9548K, committed 9600K, reserved 1048576K
}

