# JRE version: OpenJDK Runtime Environment (8.0_152-b02) (build 1.8.0_152-release-1024-b02)
# Java VM: OpenJDK 64-Bit Server VM (25.152-b02 mixed mode windows-amd64 compressed oops)
Heap:
 PSYoungGen      total 376320K, used 206141K [0x00000000d5580000, 0x00000000f2700000, 0x0000000100000000)
  eden space 339968K, 60% used [0x00000000d5580000,0x00000000e1ecf778,0x00000000ea180000)
  from space 36352K, 0% used [0x00000000ea180000,0x00000000ea180000,0x00000000ec500000)
  to   space 42496K, 0% used [0x00000000efd80000,0x00000000efd80000,0x00000000f2700000)
 ParOldGen       total 229376K, used 85582K [0x0000000080000000, 0x000000008e000000, 0x00000000d5580000)
  object space 229376K, 37% used [0x0000000080000000,0x00000000853938b8,0x000000008e000000)
 Metaspace       used 97715K, capacity 101547K, committed 103128K, reserved 1138688K
  class space    used 12347K, capacity 13189K, committed 13568K, reserved 1048576K
GC Heap History (10 events):
Event: 68.290 GC heap before
{Heap before GC invocations=15 (full 3):
 PSYoungGen      total 302592K, used 300492K [0x00000000d5580000, 0x00000000eb080000, 0x0000000100000000)
  eden space 278016K, 100% used [0x00000000d5580000,0x00000000e6500000,0x00000000e6500000)
  from space 24576K, 91% used [0x00000000e6500000,0x00000000e7af32a0,0x00000000e7d00000)
  to   space 26624K, 0% used [0x00000000e9680000,0x00000000e9680000,0x00000000eb080000)
 ParOldGen       total 229376K, used 35333K [0x0000000080000000, 0x000000008e000000, 0x00000000d5580000)
  object space 229376K, 15% used [0x0000000080000000,0x00000000822817b8,0x000000008e000000)
 Metaspace       used 80941K, capacity 83767K, committed 84056K, reserved 1122304K
  class space    used 10353K, capacity 11049K, committed 11136K, reserved 1048576K
Event: 68.318 GC heap after
Heap after GC invocations=15 (full 3):
 PSYoungGen      total 321024K, used 26606K [0x00000000d5580000, 0x00000000ed100000, 0x0000000100000000)
  eden space 294400K, 0% used [0x00000000d5580000,0x00000000d5580000,0x00000000e7500000)
  from space 26624K, 99% used [0x00000000e9680000,0x00000000eb07b838,0x00000000eb080000)
  to   space 34304K, 0% used [0x00000000e7500000,0x00000000e7500000,0x00000000e9680000)
 ParOldGen       total 229376K, used 46662K [0x0000000080000000, 0x000000008e000000, 0x00000000d5580000)
  object space 229376K, 20% used [0x0000000080000000,0x0000000082d91998,0x000000008e000000)
 Metaspace       used 80941K, capacity 83767K, committed 84056K, reserved 1122304K
  class space    used 10353K, capacity 11049K, committed 11136K, reserved 1048576K
}
Event: 69.265 GC heap before
{Heap before GC invocations=16 (full 3):
 PSYoungGen      total 321024K, used 321006K [0x00000000d5580000, 0x00000000ed100000, 0x0000000100000000)
  eden space 294400K, 100% used [0x00000000d5580000,0x00000000e7500000,0x00000000e7500000)
  from space 26624K, 99% used [0x00000000e9680000,0x00000000eb07b838,0x00000000eb080000)
  to   space 34304K, 0% used [0x00000000e7500000,0x00000000e7500000,0x00000000e9680000)
 ParOldGen       total 229376K, used 46662K [0x0000000080000000, 0x000000008e000000, 0x00000000d5580000)
  object space 229376K, 20% used [0x0000000080000000,0x0000000082d91998,0x000000008e000000)
 Metaspace       used 81779K, capacity 84649K, committed 84952K, reserved 1122304K
  class space    used 10471K, capacity 11154K, committed 11264K, reserved 1048576K
Event: 69.291 GC heap after
Heap after GC invocations=16 (full 3):
 PSYoungGen      total 328704K, used 17647K [0x00000000d5580000, 0x00000000eeb00000, 0x0000000100000000)
  eden space 294400K, 0% used [0x00000000d5580000,0x00000000d5580000,0x00000000e7500000)
  from space 34304K, 51% used [0x00000000e7500000,0x00000000e863bfc8,0x00000000e9680000)
  to   space 32768K, 0% used [0x00000000ecb00000,0x00000000ecb00000,0x00000000eeb00000)
 ParOldGen       total 229376K, used 56938K [0x0000000080000000, 0x000000008e000000, 0x00000000d5580000)
  object space 229376K, 24% used [0x0000000080000000,0x000000008379aa28,0x000000008e000000)
 Metaspace       used 81779K, capacity 84649K, committed 84952K, reserved 1122304K
  class space    used 10471K, capacity 11154K, committed 11264K, reserved 1048576K
}
Event: 217.764 GC heap before
{Heap before GC invocations=17 (full 3):
 PSYoungGen      total 328704K, used 312047K [0x00000000d5580000, 0x00000000eeb00000, 0x0000000100000000)
  eden space 294400K, 100% used [0x00000000d5580000,0x00000000e7500000,0x00000000e7500000)
  from space 34304K, 51% used [0x00000000e7500000,0x00000000e863bfc8,0x00000000e9680000)
  to   space 32768K, 0% used [0x00000000ecb00000,0x00000000ecb00000,0x00000000eeb00000)
 ParOldGen       total 229376K, used 56938K [0x0000000080000000, 0x000000008e000000, 0x00000000d5580000)
  object space 229376K, 24% used [0x0000000080000000,0x000000008379aa28,0x000000008e000000)
 Metaspace       used 92165K, capacity 96679K, committed 96856K, reserved 1132544K
  class space    used 11893K, capacity 12867K, committed 12928K, reserved 1048576K
Event: 217.800 GC heap after
Heap after GC invocations=17 (full 3):
 PSYoungGen      total 370176K, used 29681K [0x00000000d5580000, 0x00000000ee880000, 0x0000000100000000)
  eden space 339968K, 0% used [0x00000000d5580000,0x00000000d5580000,0x00000000ea180000)
  from space 30208K, 98% used [0x00000000ecb00000,0x00000000ee7fc538,0x00000000ee880000)
  to   space 36352K, 0% used [0x00000000ea180000,0x00000000ea180000,0x00000000ec500000)
 ParOldGen       total 229376K, used 56946K [0x0000000080000000, 0x000000008e000000, 0x00000000d5580000)
  object space 229376K, 24% used [0x0000000080000000,0x000000008379ca28,0x000000008e000000)
 Metaspace       used 92165K, capacity 96679K, committed 96856K, reserved 1132544K
  class space    used 11893K, capacity 12867K, committed 12928K, reserved 1048576K
}
Event: 220.092 GC heap before
{Heap before GC invocations=18 (full 3):
 PSYoungGen      total 370176K, used 119429K [0x00000000d5580000, 0x00000000ee880000, 0x0000000100000000)
  eden space 339968K, 26% used [0x00000000d5580000,0x00000000dad25098,0x00000000ea180000)
  from space 30208K, 98% used [0x00000000ecb00000,0x00000000ee7fc538,0x00000000ee880000)
  to   space 36352K, 0% used [0x00000000ea180000,0x00000000ea180000,0x00000000ec500000)
 ParOldGen       total 229376K, used 56946K [0x0000000080000000, 0x000000008e000000, 0x00000000d5580000)
  object space 229376K, 24% used [0x0000000080000000,0x000000008379ca28,0x000000008e000000)
 Metaspace       used 93624K, capacity 98323K, committed 98380K, reserved 1134592K
  class space    used 12032K, capacity 13019K, committed 13056K, reserved 1048576K
Event: 220.116 GC heap after
Heap after GC invocations=18 (full 3):
 PSYoungGen      total 376320K, used 36326K [0x00000000d5580000, 0x00000000f2700000, 0x0000000100000000)
  eden space 339968K, 0% used [0x00000000d5580000,0x00000000d5580000,0x00000000ea180000)
  from space 36352K, 99% used [0x00000000ea180000,0x00000000ec4f9900,0x00000000ec500000)
  to   space 42496K, 0% used [0x00000000efd80000,0x00000000efd80000,0x00000000f2700000)
 ParOldGen       total 229376K, used 60144K [0x0000000080000000, 0x000000008e000000, 0x00000000d5580000)
  object space 229376K, 26% used [0x0000000080000000,0x0000000083abc218,0x000000008e000000)
 Metaspace       used 93624K, capacity 98323K, committed 98380K, reserved 1134592K
  class space    used 12032K, capacity 13019K, committed 13056K, reserved 1048576K
}
Event: 220.116 GC heap before
{Heap before GC invocations=19 (full 4):
 PSYoungGen      total 376320K, used 36326K [0x00000000d5580000, 0x00000000f2700000, 0x0000000100000000)
  eden space 339968K, 0% used [0x00000000d5580000,0x00000000d5580000,0x00000000ea180000)
  from space 36352K, 99% used [0x00000000ea180000,0x00000000ec4f9900,0x00000000ec500000)
  to   space 42496K, 0% used [0x00000000efd80000,0x00000000efd80000,0x00000000f2700000)
 ParOldGen       total 229376K, used 60144K [0x0000000080000000, 0x000000008e000000, 0x00000000d5580000)
  object space 229376K, 26% used [0x0000000080000000,0x0000000083abc218,0x000000008e000000)
 Metaspace       used 93624K, capacity 98323K, committed 98380K, reserved 1134592K
  class space    used 12032K, capacity 13019K, committed 13056K, reserved 1048576K
Event: 220.468 GC heap after
Heap after GC invocations=19 (full 4):
 PSYoungGen      total 376320K, used 0K [0x00000000d5580000, 0x00000000f2700000, 0x0000000100000000)
  eden space 339968K, 0% used [0x00000000d5580000,0x00000000d5580000,0x00000000ea180000)
  from space 36352K, 0% used [0x00000000ea180000,0x00000000ea180000,0x00000000ec500000)
  to   space 42496K, 0% used [0x00000000efd80000,0x00000000efd80000,0x00000000f2700000)
 ParOldGen       total 229376K, used 85582K [0x0000000080000000, 0x000000008e000000, 0x00000000d5580000)
  object space 229376K, 37% used [0x0000000080000000,0x00000000853938b8,0x000000008e000000)
 Metaspace       used 93047K, capacity 96843K, committed 98380K, reserved 1134592K
  class space    used 11828K, capacity 12665K, committed 13056K, reserved 1048576K
}

